<?xml version="1.0" encoding="UTF-8"?>
<!-- Generated by org.testng.reporters.JUnitXMLReporter -->
<testsuite ignored="0" hostname="DESKTOP-IUO30HJ" failures="1" tests="1" name="Test1_chrome" time="0.217" errors="0" timestamp="2024-06-28T15:44:52 IST">
  <testcase classname="TestNG.Example12_Multi" name="loginToSwagLabApp" time="0.0">
    <failure type="org.testng.TestNGException" message="
Parameter &amp;apos;browserName&amp;apos; is required by @Test on method loginToSwagLabApp but has not been marked @Optional or defined
in C:\Users\HP\eclipse-workspace\Selenium_practic\Multibrowser.xml">
      <![CDATA[org.testng.TestNGException: 
Parameter 'browserName' is required by @Test on method loginToSwagLabApp but has not been marked @Optional or defined
in C:\Users\HP\eclipse-workspace\Selenium_practic\Multibrowser.xml
at java.base/java.util.ArrayList.forEach(ArrayList.java:1511)
at java.base/java.util.concurrent.FutureTask.run(FutureTask.java:317)
at java.base/java.util.concurrent.ThreadPoolExecutor.runWorker(ThreadPoolExecutor.java:1144)
at java.base/java.util.concurrent.ThreadPoolExecutor$Worker.run(ThreadPoolExecutor.java:642)
at java.base/java.lang.Thread.run(Thread.java:1623)
... Removed 16 stack frames]]>
    </failure>
  </testcase> <!-- loginToSwagLabApp -->
</testsuite> <!-- Test1_chrome -->
